"../../../Engine/Content/Animation/DefaultAnimBoneCompressionSettings.uasset" 0
"../../../Engine/Content/Animation/DefaultAnimCurveCompressionSettings.uasset" 1
"../../../Engine/Content/EngineMaterials/T_Default_Material_Grid_N.uasset" 2
"../../../Engine/Content/EngineMaterials/T_Default_Material_Grid_M.uasset" 3
"../../../Engine/Content/Functions/Engine_MaterialFunctions01/Opacity/CameraDepthFade.uasset" 4
"../../../Engine/Content/EngineMaterials/WorldGridMaterial.uasset" 5
"../../../Engine/Content/ArtTools/RenderToTexture/Meshes/S_1_Unit_Plane.uasset" 6
"../../../Engine/Content/EngineMaterials/DefaultMaterial.uasset" 7
"../../../Engine/Content/BasicShapes/Cone.uasset" 8
"../../../Engine/Content/BasicShapes/Cube.uasset" 9
"../../../Engine/Content/EngineMaterials/DefaultPhysicalMaterial.uasset" 10
"../../../Engine/Content/BufferVisualization/AmbientOcclusion.uasset" 11
"../../../Engine/Content/Functions/Engine_MaterialFunctions02/Utility/AppendMany.uasset" 12
"../../../Engine/Content/BufferVisualization/Anisotropy.uasset" 13
"../../../Engine/Content/BufferVisualization/BaseColor.uasset" 14
"../../../Engine/Content/BufferVisualization/CustomDepth.uasset" 15
"../../../Engine/Content/Functions/Engine_MaterialFunctions02/Utility/VectorLength.uasset" 16
"../../../Engine/Content/BufferVisualization/CustomDepthWorldUnits.uasset" 17
"../../../Engine/Content/EngineMaterials/MiniFont.uasset" 18
"../../../Engine/Content/Functions/Engine_MaterialFunctions02/Utility/MakeFloat3.uasset" 19
"../../../Engine/Content/Functions/Engine_MaterialFunctions02/Utility/MakeFloat2.uasset" 20
"../../../Engine/Content/Functions/Engine_MaterialFunctions02/ScreenResolution.uasset" 21
"../../../Engine/Content/Functions/Engine_MaterialFunctions02/Utility/BreakOutFloat2Components.uasset" 22
"../../../Engine/Content/Functions/Engine_MaterialFunctions01/Texturing/ScaleUVsByCenter.uasset" 23
"../../../Engine/Content/Functions/Engine_MaterialFunctions02/Texturing/ScreenAlignedUVs.uasset" 24
"../../../Engine/Content/BufferVisualization/CustomStencil.uasset" 25
"../../../Engine/Content/BufferVisualization/FinalImage.uasset" 26
"../../../Engine/Content/BufferVisualization/LightingModel.uasset" 27
"../../../Engine/Content/BufferVisualization/MaterialAO.uasset" 28
"../../../Engine/Content/BufferVisualization/Metallic.uasset" 29
"../../../Engine/Content/BufferVisualization/Opacity.uasset" 30
"../../../Engine/Content/BufferVisualization/PostTonemapHDRColor.uasset" 31
"../../../Engine/Content/BufferVisualization/PreTonemapHDRColor.uasset" 32
"../../../Engine/Content/BufferVisualization/Roughness.uasset" 33
"../../../Engine/Content/BufferVisualization/SceneColor.uasset" 34
"../../../Engine/Content/BufferVisualization/SceneDepth.uasset" 35
"../../../Engine/Content/BufferVisualization/SceneDepthWorldUnits.uasset" 36
"../../../Engine/Content/BufferVisualization/SeparateTranslucencyA.uasset" 37
"../../../Engine/Content/BufferVisualization/SeparateTranslucencyRGB.uasset" 38
"../../../Engine/Content/BufferVisualization/Specular.uasset" 39
"../../../Engine/Content/BufferVisualization/SubsurfaceColor.uasset" 40
"../../../Engine/Content/BufferVisualization/Velocity.uasset" 41
"../../../Engine/Content/BufferVisualization/WorldNormal.uasset" 42
"../../../Engine/Content/BufferVisualization/WorldTangent.uasset" 43
"../../../Engine/Content/EditorLandscapeResources/DataLayer.uasset" 44
"../../../Engine/Content/EditorLandscapeResources/DefaultAlphaTexture.uasset" 45
"../../../Engine/Content/EditorLandscapeResources/LandscapeGizmoHeight_Mat.uasset" 46
"../../../Engine/Content/EditorLandscapeResources/LandscapeGizmo_Mat.uasset" 47
"../../../Engine/Content/EditorLandscapeResources/LandscapeGizmo_Mat_Copied.uasset" 48
"../../../Engine/Content/EditorLandscapeResources/SplineEditorMeshMat.uasset" 49
"../../../Engine/Content/EditorLandscapeResources/SplineEditorMesh.uasset" 50
"../../../Engine/Content/EditorMaterials/Cross.uasset" 51
"../../../Engine/Content/EditorMaterials/Cross_Mat.uasset" 52
"../../../Engine/Content/EditorResources/T_EditorHelp.uasset" 53
"../../../Engine/Content/Functions/Engine_MaterialFunctions02/Utility/Sign.uasset" 54
"../../../Engine/Content/Functions/Engine_MaterialFunctions02/Utility/Round.uasset" 55
"../../../Engine/Content/Functions/Engine_MaterialFunctions02/ExampleContent/Textures/DebugNumberPeriod.uasset" 56
"../../../Engine/Content/Functions/Engine_MaterialFunctions02/ExampleContent/DebugNumberStrip.uasset" 57
"../../../Engine/Content/EngineMaterials/DefaultDiffuse.uasset" 58
"../../../Engine/Content/Functions/Engine_MaterialFunctions01/Texturing/TextureCropping.uasset" 59
"../../../Engine/Content/Functions/Engine_MaterialFunctions01/Texturing/ComputeMipLevel.uasset" 60
"../../../Engine/Content/Functions/Engine_MaterialFunctions02/Utility/DebugScalarValues.uasset" 61
"../../../Engine/Content/Functions/Engine_MaterialFunctions02/Utility/DebugFloat2Values.uasset" 62
"../../../Engine/Content/Functions/Engine_MaterialFunctions02/ExampleContent/Textures/flipbook.uasset" 63
"../../../Engine/Content/Functions/Engine_MaterialFunctions02/Texturing/FlipBook.uasset" 64
"../../../Engine/Content/EditorMaterials/HelpActorMaterial.uasset" 65
"../../../Engine/Content/Functions/Engine_MaterialFunctions03/Procedurals/ComputeFilterWidth.uasset" 66
"../../../Engine/Content/EngineMaterials/BlendFunc_DefBlend.uasset" 67
"../../../Engine/Content/EngineMaterials/BlendFunc_DefBase.uasset" 68
"../../../Engine/Content/Functions/Engine_MaterialFunctions03/Blends/Blend_Screen.uasset" 69
"../../../Engine/Content/EditorMaterials/TilingAALineIntegral.uasset" 70
"../../../Engine/Content/EditorMaterials/TilingAALineBoxFiltered.uasset" 71
"../../../Engine/Content/EditorMaterials/TilingAAGrid.uasset" 72
"../../../Engine/Content/EditorMaterials/TilingAADots.uasset" 73
"../../../Engine/Content/EditorMaterials/CompositeARGBLayer.uasset" 74
"../../../Engine/Content/EditorMaterials/LevelGridMaterial.uasset" 75
"../../../Engine/Content/EditorResources/LevelGrid1DStripes.uasset" 76
"../../../Engine/Content/EditorMaterials/TextureGridCascaded1D.uasset" 77
"../../../Engine/Content/EditorMaterials/TextureGridCascaded2D.uasset" 78
"../../../Engine/Content/EditorMaterials/MakeCompositeARGBLayer.uasset" 79
"../../../Engine/Content/EditorMaterials/LevelGridMaterial2.uasset" 80
"../../../Engine/Content/EditorMaterials/MAT_Groups_Toggle.uasset" 81
"../../../Engine/Content/EditorMaterials/MAT_Groups_Visibility.uasset" 82
"../../../Engine/Content/EditorMaterials/PhAT_BoneSelectedMaterial.uasset" 83
"../../../Engine/Content/EditorMaterials/PhAT_ElemSelectedMaterial.uasset" 84
"../../../Engine/Content/EditorMaterials/PhAT_NoCollisionMaterial.uasset" 85
"../../../Engine/Content/EditorMaterials/PhAT_UnselectedMaterial.uasset" 86
"../../../Engine/Content/EditorMaterials/PreviewShadowIndicator.uasset" 87
"../../../Engine/Content/EditorMaterials/PreviewShadowIndicatorMaterial.uasset" 88
"../../../Engine/Content/EditorMaterials/TargetIcon.uasset" 89
"../../../Engine/Content/EditorMaterials/Tick.uasset" 90
"../../../Engine/Content/EditorMaterials/Tick_Mat.uasset" 91
"../../../Engine/Content/EditorMaterials/WidgetGridVertexColorMaterial.uasset" 92
"../../../Engine/Content/EditorMaterials/WidgetGridVertexColorMaterial_Ma.uasset" 93
"../../../Engine/Content/EditorMaterials/WidgetMaterial.uasset" 94
"../../../Engine/Content/EditorMaterials/WidgetMaterial_Current.uasset" 95
"../../../Engine/Content/EditorMaterials/WidgetMaterial_X.uasset" 96
"../../../Engine/Content/EditorMaterials/WidgetMaterial_Y.uasset" 97
"../../../Engine/Content/EditorMaterials/WidgetMaterial_Z.uasset" 98
"../../../Engine/Content/EditorMaterials/WidgetVertexColorMaterial.uasset" 99
"../../../Engine/Content/EditorMaterials/MatineeGroups/MAT_ColorTrack.uasset" 100
"../../../Engine/Content/EditorMaterials/MatineeGroups/MAT_Groups_Anim.uasset" 101
"../../../Engine/Content/EditorMaterials/MatineeGroups/MAT_Groups_AudioMaster.uasset" 102
"../../../Engine/Content/EditorMaterials/MatineeGroups/MAT_Groups_Director.uasset" 103
"../../../Engine/Content/EditorMaterials/MatineeGroups/MAT_Groups_Event.uasset" 104
"../../../Engine/Content/EditorMaterials/MatineeGroups/MAT_Groups_Fade.uasset" 105
"../../../Engine/Content/EditorMaterials/MatineeGroups/MAT_Groups_Float.uasset" 106
"../../../Engine/Content/EditorMaterials/MatineeGroups/MAT_Groups_Move.uasset" 107
"../../../Engine/Content/EditorMaterials/MatineeGroups/MAT_Groups_Slomo.uasset" 108
"../../../Engine/Content/EditorMaterials/MatineeGroups/MAT_Groups_Sound.uasset" 109
"../../../Engine/Content/EditorMaterials/MatineeGroups/MAT_Groups_Vector.uasset" 110
"../../../Engine/Content/EditorMaterials/ParticleSystems/PSysThumbnail_NoImage.uasset" 111
"../../../Engine/Content/EditorMaterials/ParticleSystems/PSysThumbnail_OOD.uasset" 112
"../../../Engine/Content/EngineMaterials/Grid.uasset" 113
"../../../Engine/Content/EditorMaterials/Thumbnails/FloorPlaneMaterial.uasset" 114
"../../../Engine/Content/EditorMeshes/EditorCube.uasset" 115
"../../../Engine/Content/EditorMeshes/EditorCylinder.uasset" 116
"../../../Engine/Content/EditorMeshes/EditorPlane.uasset" 117
"../../../Engine/Content/EditorMaterials/Thumbnails/SkySphereMaterial.uasset" 118
"../../../Engine/Content/EditorMeshes/EditorSkySphere.uasset" 119
"../../../Engine/Content/EditorMeshes/EditorSphere.uasset" 120
"../../../Engine/Content/EditorResources/MatineeCam_D.uasset" 121
"../../../Engine/Content/EditorMaterials/MatineeCam_mat.uasset" 122
"../../../Engine/Content/EditorMeshes/MatineeCam_SM.uasset" 123
"../../../Engine/Content/EditorMeshes/PlanarReflectionPlane.uasset" 124
"../../../Engine/Content/EngineDebugMaterials/M_SimpleOpaque.uasset" 125
"../../../Engine/Content/EditorMaterials/Camera/MI_CineMat_CamViewFinder.uasset" 126
"../../../Engine/Content/EditorMaterials/Camera/CineMat.uasset" 127
"../../../Engine/Content/EditorMaterials/Camera/MI_CineMat_CameraBody.uasset" 128
"../../../Engine/Content/EditorMeshes/Camera/SM_CineCam.uasset" 129
"../../../Engine/Content/EditorMaterials/Camera/MI_CineMat_Rig.uasset" 130
"../../../Engine/Content/EditorMeshes/Camera/SM_CraneRig_Arm.uasset" 131
"../../../Engine/Content/EditorMeshes/Camera/SM_CraneRig_Base.uasset" 132
"../../../Engine/Content/EditorMeshes/Camera/SM_CraneRig_Body.uasset" 133
"../../../Engine/Content/EditorMeshes/Camera/SM_CraneRig_Mount.uasset" 134
"../../../Engine/Content/EditorMeshes/Camera/SM_RailRig_Mount.uasset" 135
"../../../Engine/Content/EditorMeshes/Camera/SM_RailRig_Track.uasset" 136
"../../../Engine/Content/EditorMeshes/ColorCalibrator/M_ChromeBall.uasset" 137
"../../../Engine/Content/EditorResources/Bad.uasset" 138
"../../../Engine/Content/EditorResources/BSPVertex.uasset" 139
"../../../Engine/Content/EditorResources/EmptyActor.uasset" 140
"../../../Engine/Content/EditorResources/MatInstActSprite.uasset" 141
"../../../Engine/Content/EditorResources/SceneManager.uasset" 142
"../../../Engine/Content/EditorResources/SmallFont.uasset" 143
"../../../Engine/Content/EditorResources/S_Actor.uasset" 144
"../../../Engine/Content/EditorResources/S_CameraShakeSource.uasset" 145
"../../../Engine/Content/EditorResources/S_DecalActorIcon.uasset" 146
"../../../Engine/Content/EditorResources/S_Emitter.uasset" 147
"../../../Engine/Content/EditorResources/S_ExpoHeightFog.uasset" 148
"../../../Engine/Content/EditorResources/S_FTest.uasset" 149
"../../../Engine/Content/EditorResources/S_KBSJoint.uasset" 150
"../../../Engine/Content/EditorResources/S_KHinge.uasset" 151
"../../../Engine/Content/EditorResources/S_KPrismatic.uasset" 152
"../../../Engine/Content/EditorResources/S_LevelSequence.uasset" 153
"../../../Engine/Content/EditorResources/S_NavP.uasset" 154
"../../../Engine/Content/EditorResources/S_Note.uasset" 155
"../../../Engine/Content/EditorResources/S_Player.uasset" 156
"../../../Engine/Content/EditorResources/S_PortalActorIcon2.uasset" 157
"../../../Engine/Content/EditorResources/S_RadForce.uasset" 158
"../../../Engine/Content/EditorResources/S_ReflActorIcon.uasset" 159
"../../../Engine/Content/EditorResources/S_SkyAtmosphere.uasset" 160
"../../../Engine/Content/EditorResources/S_Solver.uasset" 161
"../../../Engine/Content/EditorResources/S_Terrain.uasset" 162
"../../../Engine/Content/EditorResources/S_TextRenderActorIcon.uasset" 163
"../../../Engine/Content/EditorResources/S_Thruster.uasset" 164
"../../../Engine/Content/EditorResources/S_Trigger.uasset" 165
"../../../Engine/Content/EditorResources/S_VectorFieldVol.uasset" 166
"../../../Engine/Content/EditorResources/S_VolumetricCloud.uasset" 167
"../../../Engine/Content/EditorResources/S_WindDirectional.uasset" 168
"../../../Engine/Content/EditorResources/AI/S_NavLink.uasset" 169
"../../../Engine/Content/EditorResources/AudioIcons/S_AudioComponent_AutoActivate.uasset" 170
"../../../Engine/Content/EditorResources/LightIcons/SkyLight.uasset" 171
"../../../Engine/Content/EditorResources/LightIcons/S_LightDirectional.uasset" 172
"../../../Engine/Content/EditorResources/LightIcons/S_LightDirectionalMove.uasset" 173
"../../../Engine/Content/EditorResources/LightIcons/S_LightError.uasset" 174
"../../../Engine/Content/EditorResources/LightIcons/S_LightPoint.uasset" 175
"../../../Engine/Content/EditorResources/LightIcons/S_LightPointMove.uasset" 176
"../../../Engine/Content/EditorResources/LightIcons/S_LightSpot.uasset" 177
"../../../Engine/Content/EditorResources/LightIcons/S_LightSpotMove.uasset" 178
"../../../Engine/Content/EditorResources/SequenceRecorder/Countdown.uasset" 179
"../../../Engine/Content/EditorResources/SequenceRecorder/RecordingIndicator.uasset" 180
"../../../Engine/Content/EditorResources/Spline/T_Loft_Spline.uasset" 181
"../../../Engine/Content/EditorSounds/Notifications/CompileSuccess.uasset" 182
"../../../Engine/Content/EditorSounds/Notifications/CompileStart_Cue.uasset" 183
"../../../Engine/Content/EngineDamageTypes/DmgTypeBP_Environmental.uasset" 184
"../../../Engine/Content/EngineDebugMaterials/HeatmapGradient.uasset" 185
"../../../Engine/Content/EngineDebugMaterials/BoneWeightMaterial.uasset" 186
"../../../Engine/Content/EngineDebugMaterials/ClothMaterial.uasset" 187
"../../../Engine/Content/EngineDebugMaterials/ClothMaterial_WF.uasset" 188
"../../../Engine/Content/EngineDebugMaterials/DebugEditorMaterial.uasset" 189
"../../../Engine/Content/EngineDebugMaterials/DebugMeshMaterial.uasset" 190
"../../../Engine/Content/EngineDebugMaterials/GeomMaterial.uasset" 191
"../../../Engine/Content/Functions/Engine_MaterialFunctions01/Shading/ConvertFromDiffSpec.uasset" 192
"../../../Engine/Content/EngineDebugMaterials/LevelColorationLitMaterial.uasset" 193
"../../../Engine/Content/EngineDebugMaterials/LevelColorationUnlitMaterial.uasset" 194
"../../../Engine/Content/EngineMaterials/DefaultWhiteGrid.uasset" 195
"../../../Engine/Content/EngineDebugMaterials/MAT_LevelColorationLitLightmapUV.uasset" 196
"../../../Engine/Content/EngineDebugMaterials/M_SimpleUnlitTranslucent.uasset" 197
"../../../Engine/Content/EngineDebugMaterials/VolumeToRender.uasset" 198
"../../../Engine/Content/Functions/Engine_MaterialFunctions02/Utility/CameraDirectionVector.uasset" 199
"../../../Engine/Content/EngineDebugMaterials/M_VolumeRenderSphereTracePP.uasset" 200
"../../../Engine/Content/EngineMaterials/DefaultWhiteGrid_Low.uasset" 201
"../../../Engine/Content/EngineDebugMaterials/PhysicalMaterialMaskMaterial.uasset" 202
"../../../Engine/Content/EngineDebugMaterials/ShadedLevelColorationLitMaterial.uasset" 203
"../../../Engine/Content/EngineDebugMaterials/ShadedLevelColorationUnlitMateri.uasset" 204
"../../../Engine/Content/EngineDebugMaterials/VertexColorMaterial.uasset" 205
"../../../Engine/Content/EngineDebugMaterials/VertexColorViewMode_AlphaAsColor.uasset" 206
"../../../Engine/Content/EngineDebugMaterials/VertexColorViewMode_BlueOnly.uasset" 207
"../../../Engine/Content/EngineDebugMaterials/VertexColorViewMode_ColorOnly.uasset" 208
"../../../Engine/Content/EngineDebugMaterials/VertexColorViewMode_GreenOnly.uasset" 209
"../../../Engine/Content/EngineDebugMaterials/VertexColorViewMode_RedOnly.uasset" 210
"../../../Engine/Content/EngineDebugMaterials/WireframeMaterial.uasset" 211
"../../../Engine/Content/EngineFonts/Faces/RobotoRegular.uasset" 212
"../../../Engine/Content/EngineFonts/Faces/RobotoLight.uasset" 213
"../../../Engine/Content/EngineFonts/Faces/RobotoItalic.uasset" 214
"../../../Engine/Content/EngineFonts/Faces/RobotoBoldItalic.uasset" 215
"../../../Engine/Content/EngineFonts/Faces/RobotoBold.uasset" 216
"../../../Engine/Content/EngineFonts/Faces/DroidSansFallback.uasset" 217
"../../../Engine/Content/EngineFonts/Roboto.uasset" 218
"../../../Engine/Content/EngineFonts/Faces/RobotoTiny.uasset" 219
"../../../Engine/Content/EngineFonts/RobotoTiny.uasset" 220
"../../../Engine/Content/EngineFonts/SmallFont.uasset" 221
"../../../Engine/Content/EngineFonts/TinyFont.uasset" 222
"../../../Engine/Content/EngineMaterials/BaseFlattenNormalMap.uasset" 223
"../../../Engine/Content/EngineMaterials/BaseFlattenGrayscaleMap.uasset" 224
"../../../Engine/Content/EngineMaterials/BaseFlattenEmissiveMap.uasset" 225
"../../../Engine/Content/EngineMaterials/BaseFlattenDiffuseMap.uasset" 226
"../../../Engine/Content/EngineMaterials/BaseFlattenMaterial.uasset" 227
"../../../Engine/Content/EngineResources/WhiteSquareTexture.uasset" 228
"../../../Engine/Content/EngineMaterials/BlinkingCaret.uasset" 229
"../../../Engine/Content/EngineMaterials/BlueNoise.uasset" 230
"../../../Engine/Content/EngineMaterials/DefaultBloomKernel.uasset" 231
"../../../Engine/Content/EngineMaterials/DefaultBokeh.uasset" 232
"../../../Engine/Content/EngineMaterials/DefaultDeferredDecalMaterial.uasset" 233
"../../../Engine/Content/EngineMaterials/DefaultLightFunctionMaterial.uasset" 234
"../../../Engine/Content/EngineMaterials/DefaultNormal.uasset" 235
"../../../Engine/Content/EngineMaterials/DefaultPostProcessMaterial.uasset" 236
"../../../Engine/Content/EngineFonts/RobotoDistanceField.uasset" 237
"../../../Engine/Content/EngineMaterials/DefaultTextMaterialOpaque.uasset" 238
"../../../Engine/Content/EngineMaterials/EditorBrushMaterial.uasset" 239
"../../../Engine/Content/EngineMaterials/EmissiveMeshMaterial.uasset" 240
"../../../Engine/Content/EngineMaterials/GizmoMaterial.uasset" 241
"../../../Engine/Content/EngineMaterials/Grid_N.uasset" 242
"../../../Engine/Content/EngineMaterials/HighResolutionScreenshotMaskFunction.uasset" 243
"../../../Engine/Content/EngineMaterials/HighResScreenshot.uasset" 244
"../../../Engine/Content/EngineMaterials/HighResScreenshotCaptureRegion.uasset" 245
"../../../Engine/Content/EngineMaterials/HighResScreenshotMask.uasset" 246
"../../../Engine/Content/EngineMaterials/LandscapeHolePhysicalMaterial.uasset" 247
"../../../Engine/Content/EngineMaterials/InvalidLightmapSettings.uasset" 248
"../../../Engine/Content/EngineMaterials/M_InvalidLightmapSettings.uasset" 249
"../../../Engine/Content/EngineMaterials/PaperDiffuse.uasset" 250
"../../../Engine/Content/EngineMaterials/PaperNormal.uasset" 251
"../../../Engine/Content/Functions/Engine_MaterialFunctions02/WorldPositionOffset/CameraOffset.uasset" 252
"../../../Engine/Content/EngineMaterials/PhAT_JointLimitMaterial.uasset" 253
"../../../Engine/Content/EngineMaterials/PhysMat_Rubber.uasset" 254
"../../../Engine/Content/EngineMaterials/PreintegratedSkinBRDF.uasset" 255
"../../../Engine/Content/EngineMaterials/RemoveSurfaceMaterial.uasset" 256
"../../../Engine/Content/EngineMaterials/WeightMapPlaceholderTexture.uasset" 257
"../../../Engine/Content/Functions/Engine_MaterialFunctions01/ImageAdjustment/sRGBToLinear.uasset" 258
"../../../Engine/Content/Functions/Engine_MaterialFunctions02/Utility/BreakOutFloat3Components.uasset" 259
"../../../Engine/Content/EngineMaterials/Widget3DCameraPassThrough_Opaque_OneSided.uasset" 260
"../../../Engine/Content/EngineMaterials/Widget3DPassThrough.uasset" 261
"../../../Engine/Content/EngineMaterials/Widget3DPassThrough_Masked.uasset" 262
"../../../Engine/Content/EngineMaterials/Widget3DPassThrough_Opaque.uasset" 263
"../../../Engine/Content/EngineMaterials/Widget3DPassThrough_Masked_OneSided.uasset" 264
"../../../Engine/Content/EngineMaterials/Widget3DPassThrough_Opaque_OneSided.uasset" 265
"../../../Engine/Content/EngineMaterials/Widget3DPassThrough_Translucent.uasset" 266
"../../../Engine/Content/EngineMaterials/Widget3DPassThrough_Translucent_OneSided.uasset" 267
"../../../Engine/Content/EngineMeshes/Cylinder.uasset" 268
"../../../Engine/Content/EngineMeshes/Sphere.uasset" 269
"../../../Engine/Content/EngineResources/Black.uasset" 270
"../../../Engine/Content/EngineResources/DefaultTextureCube.uasset" 271
"../../../Engine/Content/EngineResources/DefaultVolumeTexture2D.uasset" 272
"../../../Engine/Content/EngineResources/DefaultVolumeTexture.uasset" 273
"../../../Engine/Content/EngineResources/GradientTexture0.uasset" 274
"../../../Engine/Content/EngineResources/StreamingPauseIcon.uasset" 275
"../../../Engine/Content/EngineResources/M_StreamingPause.uasset" 276
"../../../Engine/Content/EngineSky/VolumetricClouds/T_NoiseShape64.uasset" 277
"../../../Engine/Content/EngineSky/VolumetricClouds/T_VolumeNoiseShape64.uasset" 278
"../../../Engine/Content/EngineSky/VolumetricClouds/T_NoiseErosion.uasset" 279
"../../../Engine/Content/EngineSky/VolumetricClouds/T_VolumeNoiseErosion32.uasset" 280
"../../../Engine/Content/EngineSky/VolumetricClouds/CloudWeatherTexture.uasset" 281
"../../../Engine/Content/EngineSky/VolumetricClouds/CloudGradientTexture.uasset" 282
"../../../Engine/Content/EngineSky/VolumetricClouds/m_SimpleVolumetricCloud.uasset" 283
"../../../Engine/Content/EngineSky/VolumetricClouds/m_SimpleVolumetricCloud_Inst.uasset" 284
"../../../Engine/Content/EngineSounds/Master.uasset" 285
"../../../Engine/Content/Functions/Engine_MaterialFunctions01/Shading/PowerToRoughness.uasset" 286
"../../../Engine/Content/Maps/Templates/Thumbnails/Default.uasset" 287
"../../../Engine/Content/Maps/Templates/Thumbnails/TimeOfDay.uasset" 288
"../../../Engine/Content/Maps/Templates/Thumbnails/VR-Basic.uasset" 289
"../../../Engine/Content/MapTemplates/Sky/DaylightAmbientCubemap.uasset" 290
"../../../Engine/Content/MobileResources/T_MobileControls_texture.uasset" 291
"../../../Engine/Content/MobileResources/T_MobileMenu2.uasset" 292
"../../../Engine/Content/MobileResources/HUD/AnalogHat.uasset" 293
"../../../Engine/Content/MobileResources/HUD/VirtualJoystick_Thumb.uasset" 294
"../../../Engine/Content/MobileResources/HUD/VirtualJoystick_Background.uasset" 295
"../../../Engine/Content/MobileResources/HUD/DefaultVirtualJoysticks.uasset" 296
"../../../Engine/Content/MobileResources/HUD/LeftVirtualJoystickOnly.uasset" 297
"../../../Engine/Content/MobileResources/HUD/MobileHUDButton1_off.uasset" 298
"../../../Engine/Content/MobileResources/HUD/MobileHUDButton1_on.uasset" 299
"../../../Engine/Content/MobileResources/HUD/MobileHUDButton2_off.uasset" 300
"../../../Engine/Content/MobileResources/HUD/MobileHUDButton2_on.uasset" 301
"../../../Engine/Content/MobileResources/HUD/MobileHUDButton3.uasset" 302
"../../../Engine/Content/MobileResources/HUD/MobileHUDButtonFire.uasset" 303
"../../../Engine/Content/MobileResources/HUD/MobileHUDDirectionPad.uasset" 304
"../../../Engine/Content/MobileResources/HUD/MobileHUDDirectionPad2.uasset" 305
"../../../Engine/Content/MobileResources/HUD/MobileHUDDirectionPad3.uasset" 306
"../../../Engine/Content/MobileResources/HUD/MobileHUDDirectionStick.uasset" 307
"../../../Engine/Content/MobileResources/HUD/T_Castle_ThumbstickInner.uasset" 308
"../../../Engine/Content/MobileResources/HUD/T_Castle_ThumbstickOutter.uasset" 309
"../../../Engine/Content/Tutorial/ContentIntroCurve.uasset" 310
"../../../Engine/Content/Tutorial/Basics/LevelEditorAttract.uasset" 311
"../../../Engine/Content/Tutorial/Basics/TutorialAssets/icon_tab_Levels_40x.uasset" 312
"../../../Engine/Content/Tutorial/Basics/LevelEditorOverview.uasset" 313
"../../../Engine/Content/Tutorial/BlueprintTutorials/TutorialAssets/Blueprint_64x.uasset" 314
"../../../Engine/Content/Tutorial/BlueprintTutorials/BlueprintEditorTutorial.uasset" 315
"../../../Engine/Content/VREditor/TransformGizmo/TranslucentTransformGizmoMaterial.uasset" 316
"../../../Engine/Content/VREditor/LaserPointer/VR_LaserPower_01.uasset" 317
"../../../Engine/Content/VREditor/TransformGizmo/TransformGizmoMaterial.uasset" 318
"../../../Engine/Content/VREditor/TransformGizmo/BoundingBoxCorner.uasset" 319
"../../../Engine/Content/VREditor/TransformGizmo/BoundingBoxEdge.uasset" 320
"../../../Engine/Content/VREditor/TransformGizmo/PlaneTranslationHandle.uasset" 321
"../../../Engine/Content/VREditor/TransformGizmo/Xray.uasset" 322
"../../../Engine/Content/VREditor/TransformGizmo/Main.uasset" 323
"../../../Engine/Content/VREditor/TransformGizmo/SM_Sequencer_Key.uasset" 324
"../../../Engine/Content/VREditor/TransformGizmo/SM_Sequencer_Node.uasset" 325
"H:/DEV PROJECTS/finalCamera/Content/StarterContent/Audio/Starter_Birds01.uasset" 326
"H:/DEV PROJECTS/finalCamera/Content/StarterContent/Audio/Starter_Wind05.uasset" 327
"H:/DEV PROJECTS/finalCamera/Content/StarterContent/Audio/Starter_Wind06.uasset" 328
"../../Plugins/2D/Paper2D/Content/PlaceholderTextures/DummySpriteTexture.uasset" 329
"../../Plugins/2D/Paper2D/Content/DummySprite.uasset" 330
"../../Plugins/2D/Paper2D/Content/DefaultPaperTerrainMaterial.uasset" 331
"../../Plugins/2D/Paper2D/Content/DefaultSpriteMaterial.uasset" 332
"../../Plugins/2D/Paper2D/Content/MaskedUnlitSpriteMaterial.uasset" 333
"../../Plugins/2D/Paper2D/Content/OpaqueUnlitSpriteMaterial.uasset" 334
"../../Plugins/FX/Niagara/Content/Enums/ENiagaraCoordinateSpace.uasset" 335
"../../Plugins/FX/Niagara/Content/Enums/ENiagaraOrientationAxis.uasset" 336
"../../Plugins/FX/Niagara/Content/Enums/ENiagaraRandomnessMode.uasset" 337
"../../Plugins/FX/Niagara/Content/Icons/S_ParticleSystem.uasset" 338
"../../../Engine/Content/Functions/Engine_MaterialFunctions02/SplitComponents.uasset" 339
"../../../Engine/Content/Functions/Engine_MaterialFunctions02/SmoothStep.uasset" 340
"../../Plugins/Compositing/Composure/Content/Materials/Compositing/Radial.uasset" 341
"../../Plugins/Compositing/Composure/Content/Materials/ChromaKeying/MF_KeyColorMask.uasset" 342
"../../Plugins/Compositing/Composure/Content/Materials/ChromaKeying/Bias.uasset" 343
"../../../Engine/Content/Functions/Engine_MaterialFunctions01/Chromakeying/DespillByAvg.uasset" 344
"../../../Engine/Content/EngineResources/DefaultTexture.uasset" 345
"../../Plugins/Compositing/Composure/Content/Materials/ChromaKeying/M_SinglePassChromaKeyer.uasset" 346
"../../Plugins/Compositing/Composure/Content/Materials/Compositing/UnpreMult.uasset" 347
"../../Plugins/Compositing/Composure/Content/Materials/Compositing/PreMult.uasset" 348
"../../../Engine/Content/Functions/Engine_MaterialFunctions02/PivotPainter2/Black_1x1_EXR_Texture.uasset" 349
"../../../Engine/Content/Functions/Engine_MaterialFunctions01/Chromakeying/RGBtoHSV.uasset" 350
"../../Plugins/Compositing/Composure/Content/Materials/ChromaKeying/M_SinglePassDespill.uasset" 351
"../../Plugins/Compositing/Composure/Content/Materials/Compositing/M_AlphaScale.uasset" 352
"../../Plugins/Compositing/Composure/Content/Materials/Media/M_StaticVideoPlateDebug.uasset" 353
"../../Plugins/Compositing/Composure/Content/Materials/Media/T_EmptyMediaTexture.uasset" 354
"../../Plugins/Compositing/Composure/Content/Materials/Media/M_VideoPlateDefault.uasset" 355
"../../Plugins/Compositing/Composure/Content/Materials/PassSetup/ComposureBeforeTranslucencySetBlack.uasset" 356
"../../Plugins/Compositing/Composure/Content/Materials/ReplaceTonemapper/ComposureReplaceTonemapperByTexture.uasset" 357
"../../Plugins/Compositing/Composure/Content/Materials/ReplaceTonemapper/ComposureReplaceTonemapperComposeBloom.uasset" 358
"../../Plugins/Compositing/Composure/Content/Textures/Debug/T_CompilerError.uasset" 359
"../../Plugins/Compositing/Composure/Content/Textures/Debug/T_DisabledElement.uasset" 360
"../../Plugins/Compositing/Composure/Content/Textures/Debug/T_EmptyElement.uasset" 361
"../../Plugins/Compositing/Composure/Content/Textures/Debug/T_SuspendedElement.uasset" 362
"../../Plugins/Editor/SpeedTreeImporter/Content/SpeedTree9/UnpackInteger3.uasset" 363
"../../Plugins/Editor/SpeedTreeImporter/Content/SpeedTree9/UnpackDirection.uasset" 364
"../../Plugins/Editor/SpeedTreeImporter/Content/SpeedTree9/game_wind_noise.uasset" 365
"../../../Engine/Content/Functions/Engine_MaterialFunctions02/SafeNormalize.uasset" 366
"../../Plugins/Editor/SpeedTreeImporter/Content/SpeedTree9/SpeedTreeWindMotion.uasset" 367
"../../Plugins/Editor/SpeedTreeImporter/Content/SpeedTree9/SpeedTreeBranchMotion.uasset" 368
"../../../Engine/Content/Functions/Engine_MaterialFunctions02/ObjectLocalBounds.uasset" 369
"../../../Engine/Content/Functions/Engine_MaterialFunctions02/UVs/BoundingBoxBased_0-1_UVW.uasset" 370
"../../Plugins/Editor/SpeedTreeImporter/Content/SpeedTree9/SpeedTreeWind.uasset" 371
"../../Plugins/Editor/SpeedTreeImporter/Content/SpeedTree9/SpeedTreeBillboard.uasset" 372
"../../Plugins/Editor/SpeedTreeImporter/Content/SpeedTree9/SpeedTreeBillboardMaster.uasset" 373
"../../Plugins/Editor/SpeedTreeImporter/Content/SpeedTree9/SpeedTreeCameraFacing.uasset" 374
"../../Plugins/Editor/SpeedTreeImporter/Content/SpeedTree9/SpeedTreeMaster.uasset" 375
"../../../Engine/Content/BasicShapes/Cylinder.uasset" 376
"../../../Engine/Content/ArtTools/RenderToTexture/Materials/Debug/M_Emissive_Color.uasset" 377
"../../Plugins/Lumin/MagicLeapPassableWorld/Content/MagicLeapARPinInfoActor.uasset" 378
"../../../Engine/Content/Functions/Engine_MaterialFunctions02/Utility/BreakOutFloat4Components.uasset" 379
"../../Plugins/Runtime/Oculus/OculusVR/Content/Materials/OculusMR_ChromaKey.uasset" 380
"../../Plugins/Runtime/Oculus/OculusVR/Content/Materials/OculusMR_OpaqueColoredMaterial.uasset" 381
"../../Plugins/Runtime/Oculus/OculusVR/Content/Materials/PokeAHoleMaterial.uasset" 382
"../../Plugins/Runtime/Oculus/OculusVR/Content/Textures/touchController_controlmap.uasset" 383
"../../Plugins/Runtime/Oculus/OculusVR/Content/Textures/touchController_albedo.uasset" 384
"../../Plugins/Runtime/Oculus/OculusVR/Content/Materials/touchController_mat.uasset" 385
"../../Plugins/Runtime/Oculus/OculusVR/Content/Meshes/LeftTouchController.uasset" 386
"../../Plugins/Runtime/Oculus/OculusVR/Content/Textures/TouchForQuestRiftSController_albedo.uasset" 387
"../../Plugins/Runtime/Oculus/OculusVR/Content/Materials/TouchForQuestRiftSControllerMaterial.uasset" 388
"../../Plugins/Runtime/Oculus/OculusVR/Content/Meshes/LeftTouchForQuestRiftSController.uasset" 389
"../../Plugins/Runtime/Oculus/OculusVR/Content/Meshes/RiftHMD.uasset" 390
"../../Plugins/Runtime/Oculus/OculusVR/Content/Meshes/RightTouchController.uasset" 391
"../../Plugins/Runtime/Oculus/OculusVR/Content/Meshes/RightTouchForQuestRiftSController.uasset" 392
"../../../Engine/Content/Maps/Entry_BuiltData.uasset" 393
"../../../Engine/Content/Maps/Entry.umap" 394
"../../../Engine/Content/EngineSky/T_Sky_Stars.uasset" 395
"../../../Engine/Content/EngineSky/T_Sky_Clouds_M.uasset" 396
"../../../Engine/Content/EngineSky/T_Sky_Blue.uasset" 397
"../../../Engine/Content/EngineSky/M_Sky_Panning_Clouds2.uasset" 398
"H:/DEV PROJECTS/finalCamera/Content/StarterContent/Textures/T_Statue_N.uasset" 399
"H:/DEV PROJECTS/finalCamera/Content/StarterContent/Textures/T_Statue_M.uasset" 400
"H:/DEV PROJECTS/finalCamera/Content/StarterContent/Props/Materials/M_Statue.uasset" 401
"H:/DEV PROJECTS/finalCamera/Content/StarterContent/Props/Materials/M_StatueGlass.uasset" 402
"H:/DEV PROJECTS/finalCamera/Content/StarterContent/Props/SM_Statue.uasset" 403
"H:/DEV PROJECTS/finalCamera/Content/StarterContent/Textures/T_Chair_N.uasset" 404
"H:/DEV PROJECTS/finalCamera/Content/StarterContent/Textures/T_Chair_M.uasset" 405
"H:/DEV PROJECTS/finalCamera/Content/StarterContent/Props/Materials/M_Chair.uasset" 406
"H:/DEV PROJECTS/finalCamera/Content/StarterContent/Props/SM_Chair.uasset" 407
"H:/DEV PROJECTS/finalCamera/Content/StarterContent/Textures/T_MacroVariation.uasset" 408
"H:/DEV PROJECTS/finalCamera/Content/StarterContent/Textures/T_Metal_Copper_D.uasset" 409
"H:/DEV PROJECTS/finalCamera/Content/StarterContent/Textures/T_Metal_Gold_N.uasset" 410
"H:/DEV PROJECTS/finalCamera/Content/StarterContent/Materials/M_Metal_Copper.uasset" 411
"H:/DEV PROJECTS/finalCamera/Content/StarterContent/Textures/T_Metal_Aluminum_D.uasset" 412
"H:/DEV PROJECTS/finalCamera/Content/StarterContent/Materials/M_Metal_Burnished_Steel.uasset" 413
"H:/DEV PROJECTS/finalCamera/Content/StarterContent/Materials/M_Metal_Brushed_Nickel.uasset" 414
"H:/DEV PROJECTS/finalCamera/Content/StarterContent/Maps/Minimal_Default_BuiltData.uasset" 415
"H:/DEV PROJECTS/finalCamera/Content/StarterContent/Textures/T_TableRound_N.uasset" 416
"H:/DEV PROJECTS/finalCamera/Content/StarterContent/Textures/T_TableRound_M.uasset" 417
"H:/DEV PROJECTS/finalCamera/Content/StarterContent/Props/Materials/M_TableRound.uasset" 418
"H:/DEV PROJECTS/finalCamera/Content/StarterContent/Props/SM_TableRound.uasset" 419
"H:/DEV PROJECTS/finalCamera/Content/VirtualRealityBP/Blueprints/MotionControllerHaptics.uasset" 420
"H:/DEV PROJECTS/finalCamera/Content/VirtualRealityBP/Blueprints/PickupActorInterface.uasset" 421
"H:/DEV PROJECTS/finalCamera/Content/VirtualReality/Meshes/SM_FatCylinder.uasset" 422
"H:/DEV PROJECTS/finalCamera/Content/VirtualReality/Meshes/BeamMesh.uasset" 423
"H:/DEV PROJECTS/finalCamera/Content/VirtualReality/Meshes/BeaconDirection.uasset" 424
"H:/DEV PROJECTS/finalCamera/Content/VirtualReality/Meshes/1x1_cube.uasset" 425
"H:/DEV PROJECTS/finalCamera/Content/VirtualReality/Materials/TeleportMCP.uasset" 426
"../../../Engine/Content/Functions/Engine_MaterialFunctions02/Utility/DepthFromWorldPosition.uasset" 427
"H:/DEV PROJECTS/finalCamera/Content/VirtualReality/Materials/MF_OccludedPixels.uasset" 428
"../../../Engine/Content/EngineMaterials/Good64x64TilingNoiseHighFreq.uasset" 429
"H:/DEV PROJECTS/finalCamera/Content/VirtualReality/Materials/M_SplineArcMat.uasset" 430
"H:/DEV PROJECTS/finalCamera/Content/VirtualReality/Materials/M_ArcEndpoint.uasset" 431
"H:/DEV PROJECTS/finalCamera/Content/VirtualReality/Materials/M_TeleportPreviews.uasset" 432
"H:/DEV PROJECTS/finalCamera/Content/VirtualReality/Materials/MI_TeleportCylinderPreview.uasset" 433
"H:/DEV PROJECTS/finalCamera/Content/VirtualReality/Materials/MI_ChaperoneOutline.uasset" 434
"H:/DEV PROJECTS/finalCamera/Content/VirtualReality/Mannequin/Character/Mesh/MannequinHand_Right_PhysicsAsset.uasset" 435
"H:/DEV PROJECTS/finalCamera/Content/VirtualReality/Mannequin/Character/Textures/UE4_Mannequin_MAT_MASKA.uasset" 436
"H:/DEV PROJECTS/finalCamera/Content/VirtualReality/Mannequin/Character/Textures/UE4_Mannequin__normals.uasset" 437
"H:/DEV PROJECTS/finalCamera/Content/VirtualReality/Mannequin/Character/Materials/M_HandMat.uasset" 438
"H:/DEV PROJECTS/finalCamera/Content/VirtualReality/Mannequin/Character/Mesh/MannequinHand_Right_Skeleton.uasset" 439
"H:/DEV PROJECTS/finalCamera/Content/VirtualReality/Mannequin/Character/Mesh/MannequinHand_Right.uasset" 440
"H:/DEV PROJECTS/finalCamera/Content/VirtualRealityBP/Blueprints/GripEnum.uasset" 441
"H:/DEV PROJECTS/finalCamera/Content/VirtualReality/Mannequin/Animations/MannequinHand_Right_Open.uasset" 442
"H:/DEV PROJECTS/finalCamera/Content/VirtualReality/Mannequin/Animations/MannequinHand_Right_Grab.uasset" 443
"H:/DEV PROJECTS/finalCamera/Content/VirtualReality/Mannequin/Animations/MannequinHand_Right_CanGrab.uasset" 444
"H:/DEV PROJECTS/finalCamera/Content/VirtualReality/Mannequin/Animations/RightGrip_BS.uasset" 445
"H:/DEV PROJECTS/finalCamera/Content/VirtualReality/Mannequin/Animations/RightHand_AnimBP.uasset" 446
"../../../Engine/Content/BasicShapes/Sphere.uasset" 447
"../../../Engine/Content/EditorBlueprintResources/StandardMacros.uasset" 448
"H:/DEV PROJECTS/finalCamera/Content/VirtualRealityBP/Blueprints/BP_MotionController.uasset" 449
"H:/DEV PROJECTS/finalCamera/Content/VirtualRealityBP/Blueprints/MotionControllerPawn.uasset" 450
"../../Plugins/Compositing/Composure/Content/Textures/Debug/T_UnsetCamWarning.uasset" 451
"../../Plugins/Compositing/Composure/Content/Blueprints/CompositingElements/EComposureActorSelection.uasset" 452
"../../Plugins/Compositing/Composure/Content/Blueprints/CompositingElements/UDS_TargetedActorLayer.uasset" 453
"../../Plugins/Compositing/Composure/Content/Blueprints/CompositingElements/UDS_ColorGradeSettings.uasset" 454
"../../Plugins/Compositing/Composure/Content/Materials/ColorGrading/ComposureColorGradePerRange.uasset" 455
"../../Plugins/Compositing/Composure/Content/Materials/ReplaceTonemapper/ComposureReplaceTonemapperColorGrade.uasset" 456
"../../Plugins/Compositing/Composure/Content/Materials/PassSetup/ComposureInvertAlpha.uasset" 457
"../../Plugins/Compositing/Composure/Content/Materials/PassSetup/ComposureSimpleSetupMaterial.uasset" 458
"../../Plugins/Compositing/Composure/Content/Blueprints/BP_BlueprintHelpersLibrary.uasset" 459
"../../Plugins/Compositing/Composure/Content/Blueprints/CompositingElements/BP_CgCaptureCompElement.uasset" 460
"H:/DEV PROJECTS/finalCamera/Content/StarterContent/Audio/Starter_Background_Cue.uasset" 461
"H:/DEV PROJECTS/finalCamera/Content/StarterContent/Materials/M_Basic_Floor.uasset" 462
"H:/DEV PROJECTS/finalCamera/Content/StarterContent/Architecture/Floor_400x400.uasset" 463
"H:/DEV PROJECTS/finalCamera/Content/View.uasset" 464
"H:/DEV PROJECTS/finalCamera/Content/Blueprints/Tablet/M_Tablet_Screen.uasset" 465
"H:/DEV PROJECTS/finalCamera/Content/Blueprints/Tablet/SM_Tablet_Base_ORM.uasset" 466
"H:/DEV PROJECTS/finalCamera/Content/Blueprints/Tablet/SM_Tablet_Base_N.uasset" 467
"H:/DEV PROJECTS/finalCamera/Content/Blueprints/Tablet/SM_Tablet_Base_B.uasset" 468
"H:/DEV PROJECTS/finalCamera/Content/Blueprints/Tablet/M_Tablet_Base.uasset" 469
"H:/DEV PROJECTS/finalCamera/Content/Blueprints/Tablet/SM_Tablet.uasset" 470
"H:/DEV PROJECTS/finalCamera/Content/View_Mat.uasset" 471
"../../../Engine/Content/VREditor/TransformGizmo/TranslationHandle.uasset" 472
"../../../Engine/Content/BasicShapes/Plane.uasset" 473
"H:/DEV PROJECTS/finalCamera/Content/TrackedCamera.uasset" 474
"../../../Engine/Content/EngineSky/SM_SkySphere.uasset" 475
"../../../Engine/Content/EngineSky/C_Sky_Zenith_Color.uasset" 476
"../../../Engine/Content/EngineSky/C_Sky_Horizon_Color.uasset" 477
"../../../Engine/Content/EngineSky/C_Sky_Cloud_Color.uasset" 478
"../../../Engine/Content/EngineSky/BP_Sky_Sphere.uasset" 479
"H:/DEV PROJECTS/finalCamera/Content/StarterContent/Maps/Minimal_Default.umap" 480
